<?xml version="1.0" encoding="UTF-8"?>
<!-- Generated by org.testng.reporters.JUnitReportReporter -->
<testsuite hostname="DESKTOP-5P05O7L" failures="0" tests="1" name="testCases.TC002_LoginTest" time="2.203" errors="0" timestamp="2024-10-20T17:36:13 IST" skipped="0">
  <testcase classname="testCases.TC002_LoginTest" name="verify_Login" time="2.203"/>
</testsuite> <!-- testCases.TC002_LoginTest -->
