<?xml version="1.0" encoding="UTF-8"?>
<!-- Generated by org.testng.reporters.JUnitReportReporter -->
<testsuite hostname="DESKTOP-5P05O7L" failures="0" tests="1" name="testCases.TC001_AccountRegistrationTest" time="5.305" errors="0" timestamp="2024-10-20T17:36:13 IST" skipped="0">
  <testcase classname="testCases.TC001_AccountRegistrationTest" name="verifyAccountRegistration" time="5.305"/>
</testsuite> <!-- testCases.TC001_AccountRegistrationTest -->
